<?xml version="1.0" encoding="UTF-8"?>
<!-- Generated by org.testng.reporters.JUnitReportReporter -->
<testsuite hostname="DESKTOP-RR73ETU" failures="0" tests="1" name="runner.TestRunner" time="38.841" errors="0" timestamp="2024-06-16T20:54:03 IST" skipped="0">
  <testcase classname="runner.TestRunner" name="runScenario" time="38.841"/>
  <system-out/>
</testsuite> <!-- runner.TestRunner -->
