<?xml version="1.0" encoding="UTF-8"?>
<!-- Generated by org.testng.reporters.JUnitReportReporter -->
<testsuite hostname="DESKTOP-RR73ETU" failures="0" tests="1" name="runner.TestRunner" time="21.926" errors="0" timestamp="2024-06-15T22:39:47 IST" skipped="0">
  <testcase classname="runner.TestRunner" name="runScenario" time="21.926"/>
  <system-out/>
</testsuite> <!-- runner.TestRunner -->
